<?xml version="1.0" encoding="UTF-8"?>
<testng-results ignored="0" total="2" passed="2" failed="0" skipped="0">
  <reporter-output>
  </reporter-output>
  <suite started-at="2025-03-03T11:08:59 IST" name="Suite" finished-at="2025-03-03T11:08:59 IST" duration-ms="55">
    <groups>
    </groups>
    <test started-at="2025-03-03T11:08:59 IST" name="Test" finished-at="2025-03-03T11:08:59 IST" duration-ms="55">
      <class name="pac2.OrgTest">
        <test-method signature="createOrgTest()[pri:0, instance:pac2.OrgTest@65c7a252]" started-at="2025-03-03T11:08:59 IST" name="createOrgTest" finished-at="2025-03-03T11:08:59 IST" duration-ms="10" status="PASS">
          <reporter-output>
          </reporter-output>
        </test-method> <!-- createOrgTest -->
        <test-method signature="modifyOrgTest()[pri:0, instance:pac2.OrgTest@65c7a252]" started-at="2025-03-03T11:08:59 IST" name="modifyOrgTest" finished-at="2025-03-03T11:08:59 IST" duration-ms="3" status="PASS">
          <reporter-output>
          </reporter-output>
        </test-method> <!-- modifyOrgTest -->
      </class> <!-- pac2.OrgTest -->
    </test> <!-- Test -->
  </suite> <!-- Suite -->
</testng-results>
