<?xml version="1.0" encoding="UTF-8"?>
<!-- Generated by org.testng.reporters.JUnitXMLReporter -->
<testsuite ignored="0" hostname="Shilpa" failures="0" tests="4" name="Test" time="0.047" errors="0" timestamp="2025-03-03T11:11:54 IST">
  <testcase classname="pac1.ContactTest" name="createContact" time="0.003"/>
  <testcase classname="pac1.ContactTest" name="createContactWithPhoneNo" time="0.0"/>
  <testcase classname="pac2.OrgTest" name="createOrgTest" time="0.0"/>
  <testcase classname="pac2.OrgTest" name="modifyOrgTest" time="0.001"/>
</testsuite> <!-- Test -->
