<?xml version="1.0" encoding="UTF-8"?>
<testng-results ignored="0" total="4" passed="4" failed="0" skipped="0">
  <reporter-output>
  </reporter-output>
  <suite started-at="2025-03-03T11:11:54 IST" name="Suite" finished-at="2025-03-03T11:11:54 IST" duration-ms="47">
    <groups>
    </groups>
    <test started-at="2025-03-03T11:11:54 IST" name="Test" finished-at="2025-03-03T11:11:54 IST" duration-ms="47">
      <class name="pac1.ContactTest">
        <test-method signature="createContact()[pri:0, instance:pac1.ContactTest@1d548a08]" started-at="2025-03-03T11:11:54 IST" name="createContact" finished-at="2025-03-03T11:11:54 IST" duration-ms="3" status="PASS">
          <reporter-output>
          </reporter-output>
        </test-method> <!-- createContact -->
        <test-method signature="createContactWithPhoneNo()[pri:0, instance:pac1.ContactTest@1d548a08]" started-at="2025-03-03T11:11:54 IST" name="createContactWithPhoneNo" finished-at="2025-03-03T11:11:54 IST" duration-ms="0" status="PASS">
          <reporter-output>
          </reporter-output>
        </test-method> <!-- createContactWithPhoneNo -->
      </class> <!-- pac1.ContactTest -->
      <class name="pac2.OrgTest">
        <test-method signature="createOrgTest()[pri:0, instance:pac2.OrgTest@53ca01a2]" started-at="2025-03-03T11:11:54 IST" name="createOrgTest" finished-at="2025-03-03T11:11:54 IST" duration-ms="0" status="PASS">
          <reporter-output>
          </reporter-output>
        </test-method> <!-- createOrgTest -->
        <test-method signature="modifyOrgTest()[pri:0, instance:pac2.OrgTest@53ca01a2]" started-at="2025-03-03T11:11:54 IST" name="modifyOrgTest" finished-at="2025-03-03T11:11:54 IST" duration-ms="1" status="PASS">
          <reporter-output>
          </reporter-output>
        </test-method> <!-- modifyOrgTest -->
      </class> <!-- pac2.OrgTest -->
    </test> <!-- Test -->
  </suite> <!-- Suite -->
</testng-results>
