<?xml version="1.0" encoding="UTF-8"?>
<!-- Generated by org.testng.reporters.JUnitXMLReporter -->
<testsuite ignored="0" hostname="Shilpa" failures="0" tests="4" name="Surefire test" time="0.051" errors="0" timestamp="2025-03-03T11:07:41 IST">
  <testcase classname="pac1.ContactTest" name="createContact" time="0.004"/>
  <testcase classname="pac1.ContactTest" name="createContactWithPhoneNo" time="0.001"/>
  <testcase classname="pac2.OrgTest" name="createOrgTest" time="0.001"/>
  <testcase classname="pac2.OrgTest" name="modifyOrgTest" time="0.001"/>
</testsuite> <!-- Surefire test -->
